vk/proguard_logs/seeds.txt
com.gark.vknew.R$anim: int abc_fade_in
com.gark.vknew.R$anim: int abc_fade_out
com.gark.vknew.R$anim: int abc_slide_in_bottom
com.gark.vknew.R$anim: int abc_slide_in_top
com.gark.vknew.R$anim: int abc_slide_out_bottom
com.gark.vknew.R$anim: int abc_slide_out_top
com.gark.vknew.R$anim: int darken
com.gark.vknew.R$anim: int fade_down
com.gark.vknew.R$anim: int fade_in
com.gark.vknew.R$anim: int fade_in_300
com.gark.vknew.R$anim: int fade_out
com.gark.vknew.R$anim: int fade_out_300
com.gark.vknew.R$anim: int no_animation
com.gark.vknew.R$anim: int peak_meter_1
com.gark.vknew.R$anim: int peak_meter_2
com.gark.vknew.R$anim: int peak_meter_3
com.gark.vknew.R$anim: int rotate_180_left
com.gark.vknew.R$anim: int rotate_180_right
com.gark.vknew.R$anim: int rotate_720_left
com.gark.vknew.R$anim: int slide_bottom_in
com.gark.vknew.R$anim: int slide_bottom_out
com.gark.vknew.R$anim: int slide_left_in
com.gark.vknew.R$anim: int slide_left_out
com.gark.vknew.R$anim: int slide_right_in
com.gark.vknew.R$anim: int slide_right_out
com.gark.vknew.R$anim: int slide_top_in
com.gark.vknew.R$anim: int slide_top_out
com.gark.vknew.R$anim: int zoom_in
com.gark.vknew.R$anim: int zoom_out
com.gark.vknew.R$array: int left_list
com.gark.vknew.R$array: int search_list
com.gark.vknew.R$attr: int actionBarDivider
com.gark.vknew.R$attr: int actionBarItemBackground
com.gark.vknew.R$attr: int actionBarSize
com.gark.vknew.R$attr: int actionBarSplitStyle
com.gark.vknew.R$attr: int actionBarStyle
com.gark.vknew.R$attr: int actionBarTabBarStyle
com.gark.vknew.R$attr: int actionBarTabStyle
com.gark.vknew.R$attr: int actionBarTabTextStyle
com.gark.vknew.R$attr: int actionBarWidgetTheme
com.gark.vknew.R$attr: int actionButtonStyle
com.gark.vknew.R$attr: int actionDropDownStyle
com.gark.vknew.R$attr: int actionLayout
com.gark.vknew.R$attr: int actionMenuTextAppearance
com.gark.vknew.R$attr: int actionMenuTextColor
com.gark.vknew.R$attr: int actionModeBackground
com.gark.vknew.R$attr: int actionModeCloseButtonStyle
com.gark.vknew.R$attr: int actionModeCloseDrawable
com.gark.vknew.R$attr: int actionModeCopyDrawable
com.gark.vknew.R$attr: int actionModeCutDrawable
com.gark.vknew.R$attr: int actionModeFindDrawable
com.gark.vknew.R$attr: int actionModePasteDrawable
com.gark.vknew.R$attr: int actionModePopupWindowStyle
com.gark.vknew.R$attr: int actionModeSelectAllDrawable
com.gark.vknew.R$attr: int actionModeShareDrawable
com.gark.vknew.R$attr: int actionModeSplitBackground
com.gark.vknew.R$attr: int actionModeStyle
com.gark.vknew.R$attr: int actionModeWebSearchDrawable
com.gark.vknew.R$attr: int actionOverflowButtonStyle
com.gark.vknew.R$attr: int actionProviderClass
com.gark.vknew.R$attr: int actionViewClass
com.gark.vknew.R$bool: int abc_action_bar_embed_tabs_pre_jb
com.gark.vknew.R$bool: int abc_action_bar_expanded_action_views_exclusive
com.gark.vknew.R$bool: int abc_config_actionMenuItemAllCaps
com.gark.vknew.R$bool: int abc_config_allowActionMenuItemTextWithIcon
com.gark.vknew.R$bool: int abc_config_showMenuShortcutsWhenKeyboardPresent
com.gark.vknew.R$bool: int abc_split_action_bar_is_narrow
com.gark.vknew.R$bool: int default_circle_indicator_centered
com.gark.vknew.R$bool: int default_circle_indicator_snap
com.gark.vknew.R$bool: int default_line_indicator_centered
com.gark.vknew.R$bool: int default_title_indicator_selected_bold
com.gark.vknew.R$bool: int default_underline_indicator_fades
com.gark.vknew.R$bool: int ga_autoActivityTracking
com.gark.vknew.R$bool: int ga_reportUncaughtExceptions
...
android.support.v4.app.ShareCompatICS
android.support.v4.app.ShareCompatICS: java.lang.String HISTORY_FILENAME_PREFIX
android.support.v4.app.ShareCompatICS: ShareCompatICS()
android.support.v4.app.ShareCompatICS: void configureMenuItem(android.view.MenuItem,android.app.Activity,android.content.Intent)
android.support.v4.app.ShareCompatJB
android.support.v4.app.ShareCompatJB: ShareCompatJB()
android.support.v4.app.ShareCompatJB: java.lang.String escapeHtml(java.lang.CharSequence)
android.support.v4.app.SuperNotCalledException
android.support.v4.app.SuperNotCalledException: SuperNotCalledException(java.lang.String)
android.support.v4.app.TaskStackBuilder
android.support.v4.app.TaskStackBuilder: java.lang.String TAG
android.support.v4.app.TaskStackBuilder: android.support.v4.app.TaskStackBuilder$TaskStackBuilderImpl IMPL
android.support.v4.app.TaskStackBuilder: java.util.ArrayList mIntents
android.support.v4.app.TaskStackBuilder: android.content.Context mSourceContext
android.support.v4.app.TaskStackBuilder: TaskStackBuilder(android.content.Context)
android.support.v4.app.TaskStackBuilder: android.support.v4.app.TaskStackBuilder create(android.content.Context)
android.support.v4.app.TaskStackBuilder: android.support.v4.app.TaskStackBuilder from(android.content.Context)
android.support.v4.app.TaskStackBuilder: android.support.v4.app.TaskStackBuilder addNextIntent(android.content.Intent)
android.support.v4.app.TaskStackBuilder: android.support.v4.app.TaskStackBuilder addNextIntentWithParentStack(android.content.Intent)
android.support.v4.app.TaskStackBuilder: android.support.v4.app.TaskStackBuilder addParentStack(android.app.Activity)
android.support.v4.app.TaskStackBuilder: android.support.v4.app.TaskStackBuilder addParentStack(java.lang.Class)
android.support.v4.app.TaskStackBuilder: android.support.v4.app.TaskStackBuilder addParentStack(android.content.ComponentName)
android.support.v4.app.TaskStackBuilder: int getIntentCount()
android.support.v4.app.TaskStackBuilder: android.content.Intent getIntent(int)
android.support.v4.app.TaskStackBuilder: android.content.Intent editIntentAt(int)
android.support.v4.app.TaskStackBuilder$SupportParentable
android.support.v4.app.TaskStackBuilder$SupportParentable: android.content.Intent getSupportParentActivityIntent()
android.support.v4.app.TaskStackBuilder$TaskStackBuilderImpl
android.support.v4.app.TaskStackBuilder$TaskStackBuilderImpl: android.app.PendingIntent getPendingIntent(android.content.Context,android.content.Intent[],int,int,android.os.Bundle)
android.support.v4.app.TaskStackBuilder$TaskStackBuilderImplBase
android.support.v4.app.TaskStackBuilder$TaskStackBuilderImplBase: TaskStackBuilder$TaskStackBuilderImplBase()
android.support.v4.app.TaskStackBuilder$TaskStackBuilderImplBase: android.app.PendingIntent getPendingIntent(android.content.Context,android.content.Intent[],int,int,android.os.Bundle)
android.support.v4.app.TaskStackBuilder$TaskStackBuilderImplHoneycomb
android.support.v4.app.TaskStackBuilder$TaskStackBuilderImplHoneycomb: TaskStackBuilder$TaskStackBuilderImplHoneycomb()
android.support.v4.app.TaskStackBuilder$TaskStackBuilderImplHoneycomb: android.app.PendingIntent getPendingIntent(android.content.Context,android.content.Intent[],int,int,android.os.Bundle)
android.support.v4.app.TaskStackBuilder$TaskStackBuilderImplJellybean
android.support.v4.app.TaskStackBuilder$TaskStackBuilderImplJellybean: TaskStackBuilder$TaskStackBuilderImplJellybean()
android.support.v4.app.TaskStackBuilder$TaskStackBuilderImplJellybean: android.app.PendingIntent getPendingIntent(android.content.Context,android.content.Intent[],int,int,android.os.Bundle)
android.support.v4.app.TaskStackBuilderHoneycomb
android.support.v4.app.TaskStackBuilderHoneycomb: TaskStackBuilderHoneycomb()
android.support.v4.app.TaskStackBuilderHoneycomb: android.app.PendingIntent getActivitiesPendingIntent(android.content.Context,int,android.content.Intent[],int)