vk/proguard_logs/mapping.txt
com.gark.vknew.adapters.MusicAdapter -> com.gark.vknew.a.a:
    android.view.LayoutInflater mInflater -> j
    android.graphics.drawable.AnimationDrawable mAnim -> k
    android.app.DownloadManager dm -> l
    void bindView(android.view.View,android.content.Context,android.database.Cursor) -> a
    android.view.View newView(android.content.Context,android.database.Cursor,android.view.ViewGroup) -> a
    android.app.DownloadManager access$000(com.gark.vknew.adapters.MusicAdapter) -> a
com.gark.vknew.adapters.MusicAdapter$1 -> com.gark.vknew.a.b:
    java.lang.String val$url -> a
    java.lang.String val$title -> b
    java.lang.String val$artist -> c
    android.content.Context val$context -> d
    com.gark.vknew.adapters.MusicAdapter this$0 -> e
    void onClick(android.view.View) -> onClick
com.gark.vknew.adapters.MusicAdapter$ViewHolder -> com.gark.vknew.a.c:
    android.widget.ImageView imgIsActive_1 -> a
    android.widget.ImageView imgIsActive_2 -> b
    android.widget.ImageView imgIsActive_3 -> c
    android.widget.ImageView downloader -> d
    android.widget.TextView txtTitle -> e
    android.widget.TextView txtArtist -> f
    android.widget.TextView txtDuration -> g
    com.gark.vknew.adapters.MusicAdapter this$0 -> h
com.gark.vknew.adapters.MySuggestionsAdapter -> com.gark.vknew.a.d:
    android.content.Context context -> j
    android.view.View newView(android.content.Context,android.database.Cursor,android.view.ViewGroup) -> a
    void bindView(android.view.View,android.content.Context,android.database.Cursor) -> a
    android.database.Cursor runQueryOnBackgroundThread(java.lang.CharSequence) -> a
com.gark.vknew.adapters.VideoAdapter -> com.gark.vknew.a.e:
    android.view.LayoutInflater mInflater -> j
    com.android.volley.toolbox.ImageLoader mImageLoader -> k
    com.android.volley.RequestQueue mRequestQ -> l
    void bindView(android.view.View,android.content.Context,android.database.Cursor) -> a
    android.view.View newView(android.content.Context,android.database.Cursor,android.view.ViewGroup) -> a
    java.lang.String getDuration(long) -> a
com.gark.vknew.adapters.VideoAdapter$ViewHolder -> com.gark.vknew.a.f:
    android.widget.ImageView imgVideo -> a
    android.widget.TextView txtTitle -> b
    android.widget.TextView txtArtist -> c
    android.widget.TextView txtDuration -> d
    com.gark.vknew.adapters.VideoAdapter this$0 -> e
com.gark.vknew.db.DatabaseHelper -> com.gark.vknew.db.a:
    android.content.Context context -> a
    void onCreate(android.database.sqlite.SQLiteDatabase) -> onCreate
    void onUpgrade(android.database.sqlite.SQLiteDatabase,int,int) -> onUpgrade
com.gark.vknew.db.MusicColumns -> com.gark.vknew.db.b:
    com.gark.vknew.db.MusicColumns _ID -> a
    com.gark.vknew.db.MusicColumns AID -> b
    com.gark.vknew.db.MusicColumns ARTIST -> c
    com.gark.vknew.db.MusicColumns TITLE -> d
    com.gark.vknew.db.MusicColumns DURATION -> e
    com.gark.vknew.db.MusicColumns URL -> f
    com.gark.vknew.db.MusicColumns LYRICS_ID -> g
    com.gark.vknew.db.MusicColumns GENRE -> h
    com.gark.vknew.db.MusicColumns ALBUM -> i
    com.gark.vknew.db.MusicColumns IS_ACTIVE -> j
    java.lang.String columnName -> k
    com.gark.vknew.db.VKDBSchema$DBType type -> l
    com.gark.vknew.db.MusicColumns[] $VALUES -> m
    com.gark.vknew.db.MusicColumns[] values() -> values
    com.gark.vknew.db.MusicColumns valueOf(java.lang.String) -> valueOf
    java.lang.String getName() -> a
    com.gark.vknew.db.VKDBSchema$DBType getType() -> b
com.gark.vknew.db.MusicQuery -> com.gark.vknew.db.c:
    java.lang.String[] PROJECTION -> a
...
com.viewpagerindicator.TitlePageIndicator$IndicatorStyle -> com.viewpagerindicator.n:
    com.viewpagerindicator.TitlePageIndicator$IndicatorStyle None -> a
    com.viewpagerindicator.TitlePageIndicator$IndicatorStyle Triangle -> b
    com.viewpagerindicator.TitlePageIndicator$IndicatorStyle Underline -> c
    int value -> d
    com.viewpagerindicator.TitlePageIndicator$IndicatorStyle[] $VALUES -> e
    com.viewpagerindicator.TitlePageIndicator$IndicatorStyle[] values() -> values
    com.viewpagerindicator.TitlePageIndicator$IndicatorStyle valueOf(java.lang.String) -> valueOf
    com.viewpagerindicator.TitlePageIndicator$IndicatorStyle fromValue(int) -> a
com.viewpagerindicator.TitlePageIndicator$LinePosition -> com.viewpagerindicator.o:
    com.viewpagerindicator.TitlePageIndicator$LinePosition Bottom -> a
    com.viewpagerindicator.TitlePageIndicator$LinePosition Top -> b
    int value -> c
    com.viewpagerindicator.TitlePageIndicator$LinePosition[] $VALUES -> d
    com.viewpagerindicator.TitlePageIndicator$LinePosition[] values() -> values
    com.viewpagerindicator.TitlePageIndicator$LinePosition valueOf(java.lang.String) -> valueOf
    com.viewpagerindicator.TitlePageIndicator$LinePosition fromValue(int) -> a
com.viewpagerindicator.TitlePageIndicator$OnCenterItemClickListener -> com.viewpagerindicator.p:
    void onCenterItemClick(int) -> a
com.viewpagerindicator.TitlePageIndicator$SavedState -> com.viewpagerindicator.TitlePageIndicator$SavedState:
    int currentPage -> a
    android.os.Parcelable$Creator CREATOR -> CREATOR
    void writeToParcel(android.os.Parcel,int) -> writeToParcel
com.viewpagerindicator.TitlePageIndicator$SavedState$1 -> com.viewpagerindicator.q:
    com.viewpagerindicator.TitlePageIndicator$SavedState createFromParcel(android.os.Parcel) -> a
    com.viewpagerindicator.TitlePageIndicator$SavedState[] newArray(int) -> a
    java.lang.Object[] newArray(int) -> newArray
    java.lang.Object createFromParcel(android.os.Parcel) -> createFromParcel
com.viewpagerindicator.UnderlinePageIndicator -> com.viewpagerindicator.UnderlinePageIndicator:
    android.graphics.Paint mPaint -> a
    boolean mFades -> b
    int mFadeDelay -> c
    int mFadeLength -> d
    int mFadeBy -> e
    android.support.v4.view.ViewPager mViewPager -> f
    android.support.v4.view.ViewPager$OnPageChangeListener mListener -> g
    int mScrollState -> h
    int mCurrentPage -> i
    float mPositionOffset -> j
    int mTouchSlop -> k
    float mLastMotionX -> l
    int mActivePointerId -> m
    boolean mIsDragging -> n
    java.lang.Runnable mFadeRunnable -> o
    boolean getFades() -> getFades
    void setFades(boolean) -> setFades
    int getFadeDelay() -> getFadeDelay
    void setFadeDelay(int) -> setFadeDelay
    int getFadeLength() -> getFadeLength
    void setFadeLength(int) -> setFadeLength
    int getSelectedColor() -> getSelectedColor
    void setSelectedColor(int) -> setSelectedColor
    void onDraw(android.graphics.Canvas) -> onDraw
    boolean onTouchEvent(android.view.MotionEvent) -> onTouchEvent
    void setViewPager(android.support.v4.view.ViewPager) -> setViewPager
    void setCurrentItem(int) -> setCurrentItem
    void onPageScrollStateChanged(int) -> b
    void onPageScrolled(int,float,int) -> a
    void onPageSelected(int) -> a
    void setOnPageChangeListener(android.support.v4.view.ViewPager$OnPageChangeListener) -> setOnPageChangeListener
    void onRestoreInstanceState(android.os.Parcelable) -> onRestoreInstanceState
com.viewpagerindicator.UnderlinePageIndicator$1 -> com.viewpagerindicator.r:
    com.viewpagerindicator.UnderlinePageIndicator this$0 -> a
    void run() -> run
com.viewpagerindicator.UnderlinePageIndicator$2 -> com.viewpagerindicator.s:
    com.viewpagerindicator.UnderlinePageIndicator this$0 -> a
    void run() -> run