vk/proguard_logs/usage.txt
com.gark.vknew.BuildConfig
com.gark.vknew.R
com.gark.vknew.R$anim
com.gark.vknew.R$array
com.gark.vknew.R$attr
com.gark.vknew.R$bool
com.gark.vknew.R$color
com.gark.vknew.R$dimen
com.gark.vknew.R$drawable
com.gark.vknew.R$id
com.gark.vknew.R$integer
com.gark.vknew.R$layout
com.gark.vknew.R$menu
com.gark.vknew.R$string
com.gark.vknew.R$style
com.gark.vknew.R$styleable
com.gark.vknew.adapters.MusicAdapter:
    public static final java.lang.String TIME_FORMATTER
com.gark.vknew.adapters.VideoAdapter:
    public static final java.lang.String VIDEO_TIME_FORMATTER_FULL
    public static final java.lang.String VIDEO_TIME_FORMATTER_MIDDLE
    public static final java.lang.String VIDEO_TIME_FORMATTER_SHORT
com.gark.vknew.db.DatabaseHelper:
    private static final java.lang.String DATABASE_NAME
    private static final int DATABASE_VERSION
com.gark.vknew.db.MusicQuery:
    public static final int _TOKEN
com.gark.vknew.db.SelectionBuilder:
    private static final java.lang.String TAG
    private static final boolean LOGV
    33:36:public com.gark.vknew.db.SelectionBuilder reset()
    81:82:public com.gark.vknew.db.SelectionBuilder mapToTable(java.lang.String,java.lang.String)
    86:87:public com.gark.vknew.db.SelectionBuilder map(java.lang.String,java.lang.String)
com.gark.vknew.db.SuggestionQuery:
    public static final int _TOKEN
com.gark.vknew.db.VKDBSchema:
    public static final java.lang.String CONTENT_AUTHORITY
com.gark.vknew.db.VKDBSchema$Tables
com.gark.vknew.db.VKProvider:
    private static final int MUSIC
    private static final int SUGGESTION
    private static final int VIDEO
com.gark.vknew.db.VideoQuery:
    public static final int _TOKEN
com.gark.vknew.model.MusicObject:
    public static final java.lang.String CONTENT_TYPE
    46:46:public java.lang.String getDuration()
    50:50:public java.lang.String getLyrics_id()
    54:54:public java.lang.String getGenre()
    58:58:public java.lang.String getAlbum()
    75:76:public void setLyrics_id(java.lang.String)
    79:80:public void setGenre(java.lang.String)
    83:84:public void setAlbum(java.lang.String)
com.gark.vknew.model.PlayList:
    25:25:public java.util.ArrayList getPlayList()
com.gark.vknew.model.SuggestionObject:
    public static final java.lang.String CONTENT_TYPE
    8:8:public SuggestionObject()
com.gark.vknew.model.VideoObject:
    public static final java.lang.String CONTENT_TYPE
    8:8:public VideoObject()
com.gark.vknew.model.VideoTypes:
    74:75:public void setyTubeVideo(java.lang.String)
    94:94:public java.lang.String getyTubeVideo()
    98:98:public java.lang.String getVimeoVideo()
com.gark.vknew.navigation.BackNavigateable
com.gark.vknew.navigation.FragmentUnwindListener
com.gark.vknew.navigation.NavigationController:
    private static final long serialVersionUID
    145:146:public void pushView(android.support.v4.app.FragmentActivity,int,com.gark.vknew.navigation.NavigationControllerFragment,com.gark.vknew.navigation.NavigationController$Transition)
    157:158:public void pushView(android.support.v4.app.FragmentActivity,int,com.gark.vknew.navigation.NavigationControllerFragment,com.gark.vknew.navigation.NavigationController$Transition,java.util.HashMap)
    288:288:public com.gark.vknew.navigation.NavigationController$Transition pop(android.support.v4.app.FragmentActivity)
    326:330:public void popOnBackPressed()
    371:371:public boolean isViewStackEmpty()
    375:375:public int getViewStackCount()
    423:452:public synchronized void unwindExcluding(android.support.v4.app.FragmentActivity,com.gark.vknew.navigation.FragmentUnwindListener)
    477:481:public boolean viewStackContains(java.lang.Class)
    485:498:public synchronized void popVertical(android.support.v4.app.FragmentActivity)
...
org.apache.http.client.entity.DeflateDecompressingEntity
org.apache.http.client.entity.GzipDecompressingEntity
org.apache.http.client.entity.UrlEncodedFormEntity
org.apache.http.client.methods.AbortableHttpRequest:
    public abstract void abort()
org.apache.http.client.methods.HttpDelete:
    public static final java.lang.String METHOD_NAME
org.apache.http.client.methods.HttpGet:
    public static final java.lang.String METHOD_NAME
org.apache.http.client.methods.HttpHead:
    public static final java.lang.String METHOD_NAME
    71:73:public HttpHead(java.lang.String)
org.apache.http.client.methods.HttpOptions
org.apache.http.client.methods.HttpPost:
    public static final java.lang.String METHOD_NAME
org.apache.http.client.methods.HttpPut:
    public static final java.lang.String METHOD_NAME
org.apache.http.client.methods.HttpRequestBase:
    139:166:public void abort()
    169:169:public boolean isAborted()
org.apache.http.client.methods.HttpTrace
org.apache.http.client.methods.HttpUriRequest:
    public abstract void abort()
    public abstract boolean isAborted()
org.apache.http.client.params.AllClientPNames
org.apache.http.client.params.AuthPolicy
org.apache.http.client.params.ClientPNames
org.apache.http.client.params.ClientParamBean
org.apache.http.client.params.CookiePolicy
org.apache.http.client.params.HttpClientParams:
    42:43:private HttpClientParams()
    54:59:public static void setRedirecting(org.apache.http.params.HttpParams,boolean)
    70:75:public static void setAuthenticating(org.apache.http.params.HttpParams,boolean)
    90:94:public static void setCookiePolicy(org.apache.http.params.HttpParams,java.lang.String)
org.apache.http.client.protocol.ClientContext
org.apache.http.client.protocol.ClientContextConfigurer
org.apache.http.client.protocol.RequestAcceptEncoding
org.apache.http.client.protocol.RequestClientConnControl:
    private static final java.lang.String PROXY_CONN_DIRECTIVE
org.apache.http.client.protocol.ResponseContentEncoding
org.apache.http.client.utils.CloneUtils:
    77:78:private CloneUtils()
org.apache.http.client.utils.Idn
org.apache.http.client.utils.JdkIdn
org.apache.http.client.utils.Punycode
org.apache.http.client.utils.Rfc3492Idn
org.apache.http.client.utils.URIUtils:
    187:187:public static java.net.URI resolve(java.net.URI,java.lang.String)
    328:329:private URIUtils()
org.apache.http.client.utils.URLEncodedUtils
org.apache.http.conn.BasicEofSensorWatcher
org.apache.http.conn.ClientConnectionManager:
    public abstract void closeIdleConnections(long,java.util.concurrent.TimeUnit)
    public abstract void closeExpiredConnections()
    public abstract void shutdown()
org.apache.http.conn.ClientConnectionRequest:
    public abstract void abortRequest()
org.apache.http.conn.ConnectTimeoutException:
    private static final long serialVersionUID
org.apache.http.conn.ConnectionPoolTimeoutException:
    private static final long serialVersionUID
org.apache.http.conn.HttpHostConnectException:
    private static final long serialVersionUID
    55:55:public org.apache.http.HttpHost getHost()
org.apache.http.conn.ManagedClientConnection:
    public abstract boolean isSecure()
    public abstract javax.net.ssl.SSLSession getSSLSession()
    public abstract void unmarkReusable()
    public abstract boolean isMarkedReusable()
    public abstract java.lang.Object getState()
org.apache.http.conn.MultihomePlainSocketFactory
org.apache.http.conn.OperatedClientConnection:
    public abstract org.apache.http.HttpHost getTargetHost()
org.apache.http.conn.params.ConnConnectionPNames
org.apache.http.conn.params.ConnConnectionParamBean
org.apache.http.conn.params.ConnManagerPNames
org.apache.http.conn.params.ConnManagerParamBean
org.apache.http.conn.params.ConnManagerParams:
    public static final int DEFAULT_MAX_TOTAL_CONNECTIONS
    49:49:public ConnManagerParams()